<?xml version="1.0" encoding="UTF-8"?>
<testsuite xmlns:xsi="http://www.w3.org/2001/XMLSchema-instance" xsi:noNamespaceSchemaLocation="https://maven.apache.org/surefire/maven-surefire-plugin/xsd/surefire-test-report-3.0.xsd" version="3.0" name="hellocucumber.RunCucumberTest" time="0.154" tests="5" errors="3" skipped="0" failures="0">
  <properties>
[...]
</properties>
  <testcase name="Calling login API" classname="Customer API Testing" time="0.048">
    <error message="TODO: implement me" type="io.cucumber.java.PendingException"><![CDATA[io.cucumber.java.PendingException: TODO: implement me
	at hellocucumber.APIStepDefinitions.login_api_is_provided(APIStepDefinitions.java:46)
	at ✽.Login API is provided(classpath:hellocucumber/api.feature:4)
]]></error>
    <system-out><![CDATA[
Scenario: Calling login API      &amp#27;[90m# hellocucumber/api.feature:3&amp#27;[0m
  &amp#27;[33mGiven &amp#27;[0m&amp#27;[33mLogin API is provided&amp#27;[0m    &amp#27;[90m# hellocucumber.APIStepDefinitions.login_api_is_provided()&amp#27;[0m
      &amp#27;[33mio.cucumber.java.PendingException: TODO: implement me
	at hellocucumber.APIStepDefinitions.login_api_is_provided(APIStepDefinitions.java:46)
	at ✽.Login API is provided(classpath:hellocucumber/api.feature:4)
&amp#27;[0m
  &amp#27;[36mWhen &amp#27;[0m&amp#27;[36mUser call login API&amp#27;[0m       &amp#27;[90m# hellocucumber.APIStepDefinitions.user_call_login_api()&amp#27;[0m
  &amp#27;[36mThen &amp#27;[0m&amp#27;[36ma token will be generated&amp#27;[0m &amp#27;[90m# hellocucumber.APIStepDefinitions.a_token_will_be_generated()&amp#27;[0m
]]></system-out>
  </testcase>
  <testcase name="Calling customer list API" classname="Customer API Testing" time="0.006">
    <error message="TODO: implement me" type="io.cucumber.java.PendingException"><![CDATA[io.cucumber.java.PendingException: TODO: implement me
	at hellocucumber.APIStepDefinitions.customer_list_api_is_provided(APIStepDefinitions.java:30)
	at ✽.Customer list API is provided(classpath:hellocucumber/api.feature:8)
]]></error>
    <system-out><![CDATA[
Scenario: Calling customer list API   &amp#27;[90m# hellocucumber/api.feature:7&amp#27;[0m
  &amp#27;[33mGiven &amp#27;[0m&amp#27;[33mCustomer list API is provided&amp#27;[0m &amp#27;[90m# hellocucumber.APIStepDefinitions.customer_list_api_is_provided()&amp#27;[0m
      &amp#27;[33mio.cucumber.java.PendingException: TODO: implement me
	at hellocucumber.APIStepDefinitions.customer_list_api_is_provided(APIStepDefinitions.java:30)
	at ✽.Customer list API is provided(classpath:hellocucumber/api.feature:8)
&amp#27;[0m
  &amp#27;[36mWhen &amp#27;[0m&amp#27;[36mUser call customer list API&amp#27;[0m    &amp#27;[90m# hellocucumber.APIStepDefinitions.user_call_customer_list_api()&amp#27;[0m
  &amp#27;[36mThen &amp#27;[0m&amp#27;[36mCustomer list will be shown&amp#27;[0m    &amp#27;[90m# hellocucumber.APIStepDefinitions.customer_list_will_be_shown()&amp#27;[0m
]]></system-out>
  </testcase>
  <testcase name="Calling customer get API" classname="Customer API Testing" time="0.004">
    <error message="TODO: implement me" type="io.cucumber.java.PendingException"><![CDATA[io.cucumber.java.PendingException: TODO: implement me
	at hellocucumber.APIStepDefinitions.customer_get_api_is_provided(APIStepDefinitions.java:14)
	at ✽.Customer get API is provided(classpath:hellocucumber/api.feature:12)
]]></error>
    <system-out><![CDATA[
Scenario: Calling customer get API          &amp#27;[90m# hellocucumber/api.feature:11&amp#27;[0m
  &amp#27;[33mGiven &amp#27;[0m&amp#27;[33mCustomer get API is provided&amp#27;[0m        &amp#27;[90m# hellocucumber.APIStepDefinitions.customer_get_api_is_provided()&amp#27;[0m
      &amp#27;[33mio.cucumber.java.PendingException: TODO: implement me
	at hellocucumber.APIStepDefinitions.customer_get_api_is_provided(APIStepDefinitions.java:14)
	at ✽.Customer get API is provided(classpath:hellocucumber/api.feature:12)
&amp#27;[0m
  &amp#27;[36mWhen &amp#27;[0m&amp#27;[36mUser call customer get API&amp#27;[0m           &amp#27;[90m# hellocucumber.APIStepDefinitions.user_call_customer_get_api()&amp#27;[0m
  &amp#27;[36mThen &amp#27;[0m&amp#27;[36mSpecific customer info will be shown&amp#27;[0m &amp#27;[90m# hellocucumber.APIStepDefinitions.specific_customer_info_will_be_shown()&amp#27;[0m
]]></system-out>
  </testcase>
  <testcase name="Sunday isn&apos;t Friday" classname="Is it Friday yet?" time="0.011">
    <system-out><![CDATA[
Scenario: Sunday isn't Friday        &amp#27;[90m# hellocucumber/is_it_friday_yet.feature:4&amp#27;[0m
  &amp#27;[32mGiven &amp#27;[0m&amp#27;[32mtoday is Sunday&amp#27;[0m              &amp#27;[90m# hellocucumber.StepDefinitions.today_is_sunday()&amp#27;[0m
  &amp#27;[32mWhen &amp#27;[0m&amp#27;[32mI ask whether it's Friday yet&amp#27;[0m &amp#27;[90m# hellocucumber.StepDefinitions.i_ask_whether_it_s_friday_yet()&amp#27;[0m
  &amp#27;[32mThen &amp#27;[0m&amp#27;[32mI should be told &amp#27;[0m&amp#27;[32m&amp#27;[1m"Nope"&amp#27;[0m       &amp#27;[90m# hellocucumber.StepDefinitions.i_should_be_told(java.lang.String)&amp#27;[0m
]]></system-out>
  </testcase>
  <testcase name="Friday is Friday" classname="Is it Friday yet?" time="0.005">
    <system-out><![CDATA[
Scenario: Friday is Friday           &amp#27;[90m# hellocucumber/is_it_friday_yet.feature:9&amp#27;[0m
  &amp#27;[32mGiven &amp#27;[0m&amp#27;[32mtoday is Friday&amp#27;[0m              &amp#27;[90m# hellocucumber.StepDefinitions.today_is_Friday()&amp#27;[0m
  &amp#27;[32mWhen &amp#27;[0m&amp#27;[32mI ask whether it's Friday yet&amp#27;[0m &amp#27;[90m# hellocucumber.StepDefinitions.i_ask_whether_it_s_friday_yet()&amp#27;[0m
  &amp#27;[32mThen &amp#27;[0m&amp#27;[32mI should be told &amp#27;[0m&amp#27;[32m&amp#27;[1m"TGIF"&amp#27;[0m       &amp#27;[90m# hellocucumber.StepDefinitions.i_should_be_told(java.lang.String)&amp#27;[0m
]]></system-out>
  </testcase>
</testsuite>